2022-04-22 21:18:25,592  313.8   MainThread: INFO utils:50   Run initiated
2022-04-22 21:18:25,594  315.8   MainThread: INFO __main__:34   Adding level
2022-04-22 21:18:25,613  335.0   MainThread: INFO processor:18   ProcessApps[ProcessApplication] <example01.processor.ProcessApps object at 0x000002111D6FCD30>
2022-04-22 21:18:25,615  337.0   MainThread: INFO processor:20   ProcessApps[ProcessApplication] ==> Level.Created(originator_id=UUID('e5c47458-0430-4d1a-bdca-7268ceadc66d'), originator_version=1, timestamp=datetime.datetime(2022, 4, 22, 19, 18, 25, 596152, tzinfo=datetime.timezone.utc), originator_topic='example01.levels.domainmodel:Level', label='bronze <built-in method random of Random object at 0x000002111AB9C680>', customer_count=0)
2022-04-22 21:18:25,628  349.7   MainThread: INFO __main__:36   Added level with id: e5c47458-0430-4d1a-bdca-7268ceadc66d
2022-04-22 21:18:25,630  351.7   MainThread: INFO __main__:40   Adding customer1
2022-04-22 21:18:25,649  370.7   MainThread: INFO processor:18   ProcessApps[ProcessApplication] <example01.processor.ProcessApps object at 0x000002111D6FCD30>
2022-04-22 21:18:25,650  371.7   MainThread: INFO processor:20   ProcessApps[ProcessApplication] ==> Customer.Created(originator_id=UUID('5a368e4d-c81e-4a3b-9fa1-d822c15ec6cf'), originator_version=1, timestamp=datetime.datetime(2022, 4, 22, 19, 18, 25, 631089, tzinfo=datetime.timezone.utc), originator_topic='example01.customers.domainmodel:Customer', login='testme <built-in method random of Random object at 0x000002111AB9C680>')
2022-04-22 21:18:25,658  379.7   MainThread: INFO __main__:42   Added customer with id: 5a368e4d-c81e-4a3b-9fa1-d822c15ec6cf
2022-04-22 21:18:25,659  380.7   MainThread: INFO __main__:47   Adding (UUID('5a368e4d-c81e-4a3b-9fa1-d822c15ec6cf'), UUID('e5c47458-0430-4d1a-bdca-7268ceadc66d')) to CustomerLevelIndex
2022-04-22 21:18:25,684  405.7   MainThread: INFO processor:18   ProcessApps[ProcessApplication] <example01.processor.ProcessApps object at 0x000002111D6FCD30>
2022-04-22 21:18:25,685  406.7   MainThread: INFO processor:20   ProcessApps[ProcessApplication] ==> CustomerLevelsIndex.Created(originator_id=UUID('8cda52df-0d05-580f-982e-b3f391c9818e'), originator_version=1, timestamp=datetime.datetime(2022, 4, 22, 19, 18, 25, 671127, tzinfo=datetime.timezone.utc), originator_topic='example01.customers.domainmodel:CustomerLevelsIndex', customer_id=UUID('5a368e4d-c81e-4a3b-9fa1-d822c15ec6cf'), level_ids=[UUID('e5c47458-0430-4d1a-bdca-7268ceadc66d')])
2022-04-22 21:18:25,691  412.7   MainThread: INFO processor:25   ProcessApps[ProcessApplication] <example01.processor.ProcessApps object at 0x000002111D6FCD30>
2022-04-22 21:18:25,692  413.7   MainThread: INFO processor:27   ProcessApps[ProcessApplication] ==> CustomerLevelsIndex.CustomerLevelsRefAdded(originator_id=UUID('8cda52df-0d05-580f-982e-b3f391c9818e'), originator_version=2, timestamp=datetime.datetime(2022, 4, 22, 19, 18, 25, 672123, tzinfo=datetime.timezone.utc), customer_id=UUID('5a368e4d-c81e-4a3b-9fa1-d822c15ec6cf'), level_id=UUID('e5c47458-0430-4d1a-bdca-7268ceadc66d'))
2022-04-22 21:18:25,726  447.7   MainThread: INFO processor:18   ProcessApps[ProcessApplication] <example01.processor.ProcessApps object at 0x000002111D6FCD30>
2022-04-22 21:18:25,727  448.7   MainThread: INFO processor:20   ProcessApps[ProcessApplication] ==> LevelCustomersIndex.Created(originator_id=UUID('bdb3f06d-212f-5cf9-8643-02a993730fdd'), originator_version=1, timestamp=datetime.datetime(2022, 4, 22, 19, 18, 25, 703089, tzinfo=datetime.timezone.utc), originator_topic='example01.levels.domainmodel:LevelCustomersIndex', level_id=UUID('e5c47458-0430-4d1a-bdca-7268ceadc66d'), customer_ids=[UUID('5a368e4d-c81e-4a3b-9fa1-d822c15ec6cf')])
2022-04-22 21:18:25,735  456.7   MainThread: INFO processor:38   ProcessApps[ProcessApplication] <example01.processor.ProcessApps object at 0x000002111D6FCD30>
2022-04-22 21:18:25,736  457.7   MainThread: INFO processor:40   ProcessApps[ProcessApplication] ==> LevelCustomersIndex.LevelCustomersRefAdded(originator_id=UUID('bdb3f06d-212f-5cf9-8643-02a993730fdd'), originator_version=2, timestamp=datetime.datetime(2022, 4, 22, 19, 18, 25, 704088, tzinfo=datetime.timezone.utc), level_id=UUID('e5c47458-0430-4d1a-bdca-7268ceadc66d'), ref=UUID('5a368e4d-c81e-4a3b-9fa1-d822c15ec6cf'))
2022-04-22 21:18:25,753  474.7   MainThread: INFO processor:49   ProcessApps[ProcessApplication] <example01.processor.ProcessApps object at 0x000002111D6FCD30>
2022-04-22 21:18:25,754  475.7   MainThread: INFO processor:51   ProcessApps[ProcessApplication] ==> Level.CustomerCountIncremented(originator_id=UUID('e5c47458-0430-4d1a-bdca-7268ceadc66d'), originator_version=2, timestamp=datetime.datetime(2022, 4, 22, 19, 18, 25, 741089, tzinfo=datetime.timezone.utc))
2022-04-22 21:18:25,771  492.7   MainThread: INFO __main__:58   Added (UUID('5a368e4d-c81e-4a3b-9fa1-d822c15ec6cf'), UUID('e5c47458-0430-4d1a-bdca-7268ceadc66d')) to CustomerLevelIndex
2022-04-22 21:18:25,772  493.7   MainThread: INFO __main__:59   =====> 2.989s to create CustomerLevelsIndex(customer_id=UUID('5a368e4d-c81e-4a3b-9fa1-d822c15ec6cf'), level_ids=[UUID('e5c47458-0430-4d1a-bdca-7268ceadc66d')])
2022-04-22 21:18:25,773  494.7   MainThread: INFO __main__:64   Checking (UUID('e5c47458-0430-4d1a-bdca-7268ceadc66d'), UUID('5a368e4d-c81e-4a3b-9fa1-d822c15ec6cf')) to LevelCustomersIndex has been added by process
2022-04-22 21:18:25,778  499.7   MainThread: INFO __main__:74   Adding (UUID('5a368e4d-c81e-4a3b-9fa1-d822c15ec6cf'), UUID('e5c47458-0430-4d1a-bdca-7268ceadc66d')) to CustomerLevelIndex
2022-04-22 21:18:25,780  501.7   MainThread: INFO __main__:75   =====> 9.991999999999999s to create LevelCustomersIndex(level_id=UUID('e5c47458-0430-4d1a-bdca-7268ceadc66d'), customer_ids=[UUID('5a368e4d-c81e-4a3b-9fa1-d822c15ec6cf')])
2022-04-22 21:18:25,781  502.7   MainThread: INFO __main__:81   Adding customer1
2022-04-22 21:18:25,807  528.7   MainThread: INFO processor:18   ProcessApps[ProcessApplication] <example01.processor.ProcessApps object at 0x000002111D6FCD30>
2022-04-22 21:18:25,808  529.7   MainThread: INFO processor:20   ProcessApps[ProcessApplication] ==> Customer.Created(originator_id=UUID('b8dd70c4-ad1c-46f9-848b-6faa6c6eee44'), originator_version=1, timestamp=datetime.datetime(2022, 4, 22, 19, 18, 25, 782088, tzinfo=datetime.timezone.utc), originator_topic='example01.customers.domainmodel:Customer', login='testme <built-in method random of Random object at 0x000002111AB9C680>')
2022-04-22 21:18:25,815  536.7   MainThread: INFO __main__:83   Added customer with id: 5a368e4d-c81e-4a3b-9fa1-d822c15ec6cf
2022-04-22 21:18:25,816  537.7   MainThread: INFO __main__:86   Adding (UUID('b8dd70c4-ad1c-46f9-848b-6faa6c6eee44'), UUID('e5c47458-0430-4d1a-bdca-7268ceadc66d')) to CustomerLevelIndex
2022-04-22 21:18:25,827  548.7   MainThread: INFO processor:18   ProcessApps[ProcessApplication] <example01.processor.ProcessApps object at 0x000002111D6FCD30>
2022-04-22 21:18:25,829  550.7   MainThread: INFO processor:20   ProcessApps[ProcessApplication] ==> CustomerLevelsIndex.Created(originator_id=UUID('3545fd4e-2bba-5e2f-adb7-a762f10a816f'), originator_version=1, timestamp=datetime.datetime(2022, 4, 22, 19, 18, 25, 819088, tzinfo=datetime.timezone.utc), originator_topic='example01.customers.domainmodel:CustomerLevelsIndex', customer_id=UUID('b8dd70c4-ad1c-46f9-848b-6faa6c6eee44'), level_ids=[UUID('e5c47458-0430-4d1a-bdca-7268ceadc66d')])
2022-04-22 21:18:25,836  557.7   MainThread: INFO processor:25   ProcessApps[ProcessApplication] <example01.processor.ProcessApps object at 0x000002111D6FCD30>
2022-04-22 21:18:25,837  558.7   MainThread: INFO processor:27   ProcessApps[ProcessApplication] ==> CustomerLevelsIndex.CustomerLevelsRefAdded(originator_id=UUID('3545fd4e-2bba-5e2f-adb7-a762f10a816f'), originator_version=2, timestamp=datetime.datetime(2022, 4, 22, 19, 18, 25, 819088, tzinfo=datetime.timezone.utc), customer_id=UUID('b8dd70c4-ad1c-46f9-848b-6faa6c6eee44'), level_id=UUID('e5c47458-0430-4d1a-bdca-7268ceadc66d'))
2022-04-22 21:18:25,858  579.7   MainThread: INFO processor:38   ProcessApps[ProcessApplication] <example01.processor.ProcessApps object at 0x000002111D6FCD30>
2022-04-22 21:18:25,859  580.7   MainThread: INFO processor:40   ProcessApps[ProcessApplication] ==> LevelCustomersIndex.LevelCustomersRefAdded(originator_id=UUID('bdb3f06d-212f-5cf9-8643-02a993730fdd'), originator_version=3, timestamp=datetime.datetime(2022, 4, 22, 19, 18, 25, 845090, tzinfo=datetime.timezone.utc), level_id=UUID('e5c47458-0430-4d1a-bdca-7268ceadc66d'), ref=UUID('b8dd70c4-ad1c-46f9-848b-6faa6c6eee44'))
2022-04-22 21:18:25,872  593.7   MainThread: INFO processor:49   ProcessApps[ProcessApplication] <example01.processor.ProcessApps object at 0x000002111D6FCD30>
2022-04-22 21:18:25,873  594.7   MainThread: INFO processor:51   ProcessApps[ProcessApplication] ==> Level.CustomerCountIncremented(originator_id=UUID('e5c47458-0430-4d1a-bdca-7268ceadc66d'), originator_version=3, timestamp=datetime.datetime(2022, 4, 22, 19, 18, 25, 865088, tzinfo=datetime.timezone.utc))
2022-04-22 21:18:25,885  606.7   MainThread: INFO __main__:97   Added (UUID('b8dd70c4-ad1c-46f9-848b-6faa6c6eee44'), UUID('e5c47458-0430-4d1a-bdca-7268ceadc66d')) to CustomerLevelIndex
2022-04-22 21:18:25,886  607.7   MainThread: INFO __main__:98   =====> 3.003s to create CustomerLevelsIndex(customer_id=UUID('b8dd70c4-ad1c-46f9-848b-6faa6c6eee44'), level_ids=[UUID('e5c47458-0430-4d1a-bdca-7268ceadc66d')])
2022-04-22 21:18:25,887  608.7   MainThread: INFO __main__:103  Checking (UUID('e5c47458-0430-4d1a-bdca-7268ceadc66d'), UUID('b8dd70c4-ad1c-46f9-848b-6faa6c6eee44')) to LevelCustomersIndex has been added by process
2022-04-22 21:18:25,890  611.7   MainThread: INFO __main__:114  Checked (UUID('b8dd70c4-ad1c-46f9-848b-6faa6c6eee44'), UUID('e5c47458-0430-4d1a-bdca-7268ceadc66d')) to LevelCustomersIndex has been added by process
2022-04-22 21:18:25,891  612.7   MainThread: INFO __main__:117  =====> 8.003s to create LevelCustomersIndex(level_id=UUID('e5c47458-0430-4d1a-bdca-7268ceadc66d'), customer_ids=[UUID('5a368e4d-c81e-4a3b-9fa1-d822c15ec6cf'), UUID('b8dd70c4-ad1c-46f9-848b-6faa6c6eee44')])
